<?xml version="1.0" encoding="UTF-8"?>
<!-- Generated by org.testng.reporters.JUnitReportReporter -->
<testsuite hostname="YY176193" name="testcases.Sleep_Today" tests="1" failures="0" timestamp="14 Oct 2019 04:45:50 GMT" time="0.431" errors="0">
  <testcase name="validateHeroCardTitle" time="0.431" classname="testcases.Sleep_Today"/>
</testsuite> <!-- testcases.Sleep_Today -->
